<?xml version="1.0" encoding="UTF-8"?>
<!-- Generated by org.testng.reporters.JUnitReportReporter -->
<testsuite hostname="DESKTOP-AIMBVL5" failures="0" tests="1" name="com.ActiTime.TestScripts.Task" time="11.192" errors="0" timestamp="2023-05-11T10:20:24 IST" skipped="0">
  <testcase classname="com.ActiTime.TestScripts.Task" name="createCustomer" time="11.192"/>
  <system-out/>
</testsuite> <!-- com.ActiTime.TestScripts.Task -->
